#
# A fatal error has been detected by the Java Runtime Environment:
#
#  Internal Error (javaCalls.cpp:51), pid=3804, tid=0x0000000000001ee0
#  guarantee(thread->is_Java_thread()) failed: crucial check - the VM thread cannot and must not escape to Java code
#
# JRE version: Java(TM) SE Runtime Environment (8.0_181-b13) (build 1.8.0_181-b13)
# Java VM: Java HotSpot(TM) 64-Bit Server VM (25.181-b13 mixed mode windows-amd64 compressed oops)
# Failed to write core dump. Minidumps are not enabled by default on client versions of Windows
#
# If you would like to submit a bug report, please visit:
#   http://bugreport.java.com/bugreport/crash.jsp
#

---------------  T H R E A D  ---------------

Current thread (0x0000000018148000):  VMThread [stack: 0x00000000191e0000,0x00000000192e0000] [id=7904]

Stack: [0x00000000191e0000,0x00000000192e0000]
[error occurred during error reporting (printing stack bounds), id 0xc0000005]

Native frames: (J=compiled Java code, j=interpreted, Vv=VM code, C=native code)

VM_Operation (0x0000000019bdf000): GetOrSetLocal, mode: safepoint, requested by thread 0x00000000194ec000


---------------  P R O C E S S  ---------------

Java Threads: ( => current thread )
  0x000000001ad21000 JavaThread "ReaderThread" [_thread_in_native, id=12672, stack(0x000000001bcf0000,0x000000001bdf0000)]
  0x0000000019f0d800 JavaThread "Service Thread" daemon [_thread_blocked, id=12696, stack(0x000000001a8e0000,0x000000001a9e0000)]
  0x0000000019f18800 JavaThread "C1 CompilerThread2" daemon [_thread_blocked, id=11524, stack(0x000000001a7e0000,0x000000001a8e0000)]
  0x0000000019f13000 JavaThread "C2 CompilerThread1" daemon [_thread_blocked, id=336, stack(0x000000001a6e0000,0x000000001a7e0000)]
  0x0000000019f12000 JavaThread "C2 CompilerThread0" daemon [_thread_blocked, id=5756, stack(0x000000001a5e0000,0x000000001a6e0000)]
  0x00000000194fc800 JavaThread "JDWP Command Reader" daemon [_thread_in_native, id=13524, stack(0x0000000019ce0000,0x0000000019de0000)]
  0x00000000194fb000 JavaThread "JDWP Event Helper Thread" daemon [_thread_blocked, id=13984, stack(0x0000000019be0000,0x0000000019ce0000)]
  0x00000000194ec000 JavaThread "JDWP Transport Listener: dt_socket" daemon [_thread_blocked, id=13784, stack(0x0000000019ae0000,0x0000000019be0000)]
  0x00000000194e1800 JavaThread "Attach Listener" daemon [_thread_blocked, id=7176, stack(0x00000000199e0000,0x0000000019ae0000)]
  0x00000000181de800 JavaThread "Signal Dispatcher" daemon [_thread_blocked, id=5672, stack(0x00000000198e0000,0x00000000199e0000)]
  0x0000000018170000 JavaThread "Finalizer" daemon [_thread_blocked, id=12508, stack(0x00000000193e0000,0x00000000194e0000)]
  0x0000000003805000 JavaThread "Reference Handler" daemon [_thread_blocked, id=14268, stack(0x00000000192e0000,0x00000000193e0000)]
  0x0000000003717000 JavaThread "main" [_thread_blocked, id=8272, stack(0x0000000003480000,0x0000000003580000)]

Other Threads:
=>0x0000000018148000 VMThread [stack: 0x00000000191e0000,0x00000000192e0000] [id=7904]
  0x0000000019f0e800 WatcherThread [stack: 0x000000001a9e0000,0x000000001aae0000] [id=3652]

VM state:at safepoint (normal execution)

VM Mutex/Monitor currently owned by a thread:  ([mutex/lock_event])
[0x0000000003714220] Threads_lock - owner thread: 0x0000000018148000

Heap:
 PSYoungGen      total 69632K, used 19059K [0x00000000d6e00000, 0x00000000dbc00000, 0x0000000100000000)
  eden space 62464K, 19% used [0x00000000d6e00000,0x00000000d79ad9a0,0x00000000dab00000)
  from space 7168K, 99% used [0x00000000db300000,0x00000000db9ef458,0x00000000dba00000)
  to   space 8192K, 0% used [0x00000000dab00000,0x00000000dab00000,0x00000000db300000)
 ParOldGen       total 84992K, used 2310K [0x0000000084a00000, 0x0000000089d00000, 0x00000000d6e00000)
  object space 84992K, 2% used [0x0000000084a00000,0x0000000084c418c8,0x0000000089d00000)
 Metaspace       used 20182K, capacity 21082K, committed 21296K, reserved 1067008K
  class space    used 2734K, capacity 2909K, committed 2944K, reserved 1048576K

Card table byte_map: [0x0000000012bd0000,0x0000000012fb0000] byte_map_base: 0x00000000127ab000

Marking Bits: (ParMarkBitMap*) 0x000000005e882d00
 Begin Bits: [0x0000000013650000, 0x0000000015528000)
 End Bits:   [0x0000000015528000, 0x0000000017400000)

Polling page: 0x0000000001480000

CodeCache: size=245760Kb used=8049Kb max_used=8068Kb free=237710Kb
 bounds [0x0000000003810000, 0x0000000004000000, 0x0000000012810000]
 total_blobs=2374 nmethods=1958 adapters=336
 compilation: enabled

Compilation events (10 events):
Event: 4.459 Thread 0x0000000019f18800 1958       3       org.apache.commons.collections.map.ListOrderedMap$ListOrderedMapEntry::getValue (12 bytes)
Event: 4.459 Thread 0x0000000019f18800 nmethod 1958 0x0000000003fce710 code [0x0000000003fce880, 0x0000000003fceba8]
Event: 4.459 Thread 0x0000000019f18800 1955       3       net.sf.json.util.JSONUtils::isFunction (53 bytes)
Event: 4.460 Thread 0x0000000019f18800 nmethod 1955 0x0000000003fcce50 code [0x0000000003fcd0a0, 0x0000000003fce0b8]
Event: 4.460 Thread 0x0000000019f18800 1956       3       net.sf.json.JSONNull::getInstance (4 bytes)
Event: 4.460 Thread 0x0000000019f18800 nmethod 1956 0x0000000003fe56d0 code [0x0000000003fe5820, 0x0000000003fe5950]
Event: 4.460 Thread 0x0000000019f18800 1959       3       net.sf.json.util.JSONUtils::isString (64 bytes)
Event: 4.461 Thread 0x0000000019f18800 nmethod 1959 0x0000000003fec890 code [0x0000000003feca80, 0x0000000003fed588]
Event: 4.461 Thread 0x0000000019f12000 nmethod 1961 0x0000000003fcc510 code [0x0000000003fcc660, 0x0000000003fccbb8]
Event: 4.473 Thread 0x0000000019f13000 nmethod 1935 0x0000000003ff2dd0 code [0x0000000003ff30a0, 0x0000000003ff5178]

GC Heap History (10 events):
Event: 2.192 GC heap before
{Heap before GC invocations=2 (full 0):
 PSYoungGen      total 36864K, used 35832K [0x00000000d6e00000, 0x00000000d9700000, 0x0000000100000000)
  eden space 31744K, 100% used [0x00000000d6e00000,0x00000000d8d00000,0x00000000d8d00000)
  from space 5120K, 79% used [0x00000000d8d00000,0x00000000d90fe208,0x00000000d9200000)
  to   space 5120K, 0% used [0x00000000d9200000,0x00000000d9200000,0x00000000d9700000)
 ParOldGen       total 84992K, used 8K [0x0000000084a00000, 0x0000000089d00000, 0x00000000d6e00000)
  object space 84992K, 0% used [0x0000000084a00000,0x0000000084a02000,0x0000000089d00000)
 Metaspace       used 10037K, capacity 10562K, committed 10624K, reserved 1058816K
  class space    used 1232K, capacity 1360K, committed 1408K, reserved 1048576K
Event: 2.199 GC heap after
Heap after GC invocations=2 (full 0):
 PSYoungGen      total 36864K, used 4622K [0x00000000d6e00000, 0x00000000d9700000, 0x0000000100000000)
  eden space 31744K, 0% used [0x00000000d6e00000,0x00000000d6e00000,0x00000000d8d00000)
  from space 5120K, 90% used [0x00000000d9200000,0x00000000d9683b28,0x00000000d9700000)
  to   space 5120K, 0% used [0x00000000d8d00000,0x00000000d8d00000,0x00000000d9200000)
 ParOldGen       total 84992K, used 24K [0x0000000084a00000, 0x0000000089d00000, 0x00000000d6e00000)
  object space 84992K, 0% used [0x0000000084a00000,0x0000000084a06000,0x0000000089d00000)
 Metaspace       used 10037K, capacity 10562K, committed 10624K, reserved 1058816K
  class space    used 1232K, capacity 1360K, committed 1408K, reserved 1048576K
}
Event: 2.795 GC heap before
{Heap before GC invocations=3 (full 0):
 PSYoungGen      total 36864K, used 36366K [0x00000000d6e00000, 0x00000000d9700000, 0x0000000100000000)
  eden space 31744K, 100% used [0x00000000d6e00000,0x00000000d8d00000,0x00000000d8d00000)
  from space 5120K, 90% used [0x00000000d9200000,0x00000000d9683b28,0x00000000d9700000)
  to   space 5120K, 0% used [0x00000000d8d00000,0x00000000d8d00000,0x00000000d9200000)
 ParOldGen       total 84992K, used 24K [0x0000000084a00000, 0x0000000089d00000, 0x00000000d6e00000)
  object space 84992K, 0% used [0x0000000084a00000,0x0000000084a06000,0x0000000089d00000)
 Metaspace       used 11600K, capacity 12224K, committed 12544K, reserved 1060864K
  class space    used 1566K, capacity 1719K, committed 1792K, reserved 1048576K
Event: 2.803 GC heap after
Heap after GC invocations=3 (full 0):
 PSYoungGen      total 36864K, used 4819K [0x00000000d6e00000, 0x00000000d9700000, 0x0000000100000000)
  eden space 31744K, 0% used [0x00000000d6e00000,0x00000000d6e00000,0x00000000d8d00000)
  from space 5120K, 94% used [0x00000000d8d00000,0x00000000d91b4e30,0x00000000d9200000)
  to   space 5120K, 0% used [0x00000000d9200000,0x00000000d9200000,0x00000000d9700000)
 ParOldGen       total 84992K, used 32K [0x0000000084a00000, 0x0000000089d00000, 0x00000000d6e00000)
  object space 84992K, 0% used [0x0000000084a00000,0x0000000084a08000,0x0000000089d00000)
 Metaspace       used 11600K, capacity 12224K, committed 12544K, reserved 1060864K
  class space    used 1566K, capacity 1719K, committed 1792K, reserved 1048576K
}
Event: 3.359 GC heap before
{Heap before GC invocations=4 (full 0):
 PSYoungGen      total 36864K, used 36563K [0x00000000d6e00000, 0x00000000d9700000, 0x0000000100000000)
  eden space 31744K, 100% used [0x00000000d6e00000,0x00000000d8d00000,0x00000000d8d00000)
  from space 5120K, 94% used [0x00000000d8d00000,0x00000000d91b4e30,0x00000000d9200000)
  to   space 5120K, 0% used [0x00000000d9200000,0x00000000d9200000,0x00000000d9700000)
 ParOldGen       total 84992K, used 32K [0x0000000084a00000, 0x0000000089d00000, 0x00000000d6e00000)
  object space 84992K, 0% used [0x0000000084a00000,0x0000000084a08000,0x0000000089d00000)
 Metaspace       used 14450K, capacity 15266K, committed 15488K, reserved 1062912K
  class space    used 1956K, capacity 2153K, committed 2176K, reserved 1048576K
Event: 3.372 GC heap after
Heap after GC invocations=4 (full 0):
 PSYoungGen      total 36864K, used 5093K [0x00000000d6e00000, 0x00000000db600000, 0x0000000100000000)
  eden space 31744K, 0% used [0x00000000d6e00000,0x00000000d6e00000,0x00000000d8d00000)
  from space 5120K, 99% used [0x00000000d9200000,0x00000000d96f9468,0x00000000d9700000)
  to   space 5120K, 0% used [0x00000000d8d00000,0x00000000d8d00000,0x00000000d9200000)
 ParOldGen       total 84992K, used 811K [0x0000000084a00000, 0x0000000089d00000, 0x00000000d6e00000)
  object space 84992K, 0% used [0x0000000084a00000,0x0000000084acace0,0x0000000089d00000)
 Metaspace       used 14450K, capacity 15266K, committed 15488K, reserved 1062912K
  class space    used 1956K, capacity 2153K, committed 2176K, reserved 1048576K
}
Event: 3.768 GC heap before
{Heap before GC invocations=5 (full 0):
 PSYoungGen      total 36864K, used 36837K [0x00000000d6e00000, 0x00000000db600000, 0x0000000100000000)
  eden space 31744K, 100% used [0x00000000d6e00000,0x00000000d8d00000,0x00000000d8d00000)
  from space 5120K, 99% used [0x00000000d9200000,0x00000000d96f9468,0x00000000d9700000)
  to   space 5120K, 0% used [0x00000000d8d00000,0x00000000d8d00000,0x00000000d9200000)
 ParOldGen       total 84992K, used 811K [0x0000000084a00000, 0x0000000089d00000, 0x00000000d6e00000)
  object space 84992K, 0% used [0x0000000084a00000,0x0000000084acace0,0x0000000089d00000)
 Metaspace       used 16051K, capacity 16920K, committed 17024K, reserved 1064960K
  class space    used 2199K, capacity 2384K, committed 2432K, reserved 1048576K
Event: 3.778 GC heap after
Heap after GC invocations=5 (full 0):
 PSYoungGen      total 36864K, used 5102K [0x00000000d6e00000, 0x00000000dba00000, 0x0000000100000000)
  eden space 31744K, 0% used [0x00000000d6e00000,0x00000000d6e00000,0x00000000d8d00000)
  from space 5120K, 99% used [0x00000000d8d00000,0x00000000d91fba08,0x00000000d9200000)
  to   space 7168K, 0% used [0x00000000db300000,0x00000000db300000,0x00000000dba00000)
 ParOldGen       total 84992K, used 2302K [0x0000000084a00000, 0x0000000089d00000, 0x00000000d6e00000)
  object space 84992K, 2% used [0x0000000084a00000,0x0000000084c3f8c8,0x0000000089d00000)
 Metaspace       used 16051K, capacity 16920K, committed 17024K, reserved 1064960K
  class space    used 2199K, capacity 2384K, committed 2432K, reserved 1048576K
}
Event: 4.308 GC heap before
{Heap before GC invocations=6 (full 0):
 PSYoungGen      total 36864K, used 36846K [0x00000000d6e00000, 0x00000000dba00000, 0x0000000100000000)
  eden space 31744K, 100% used [0x00000000d6e00000,0x00000000d8d00000,0x00000000d8d00000)
  from space 5120K, 99% used [0x00000000d8d00000,0x00000000d91fba08,0x00000000d9200000)
  to   space 7168K, 0% used [0x00000000db300000,0x00000000db300000,0x00000000dba00000)
 ParOldGen       total 84992K, used 2302K [0x0000000084a00000, 0x0000000089d00000, 0x00000000d6e00000)
  object space 84992K, 2% used [0x0000000084a00000,0x0000000084c3f8c8,0x0000000089d00000)
 Metaspace       used 19562K, capacity 20442K, committed 20864K, reserved 1067008K
  class space    used 2667K, capacity 2845K, committed 2944K, reserved 1048576K
Event: 4.319 GC heap after
Heap after GC invocations=6 (full 0):
 PSYoungGen      total 69632K, used 7101K [0x00000000d6e00000, 0x00000000dbc00000, 0x0000000100000000)
  eden space 62464K, 0% used [0x00000000d6e00000,0x00000000d6e00000,0x00000000dab00000)
  from space 7168K, 99% used [0x00000000db300000,0x00000000db9ef458,0x00000000dba00000)
  to   space 8192K, 0% used [0x00000000dab00000,0x00000000dab00000,0x00000000db300000)
 ParOldGen       total 84992K, used 2310K [0x0000000084a00000, 0x0000000089d00000, 0x00000000d6e00000)
  object space 84992K, 2% used [0x0000000084a00000,0x0000000084c418c8,0x0000000089d00000)
 Metaspace       used 19562K, capacity 20442K, committed 20864K, reserved 1067008K
  class space    used 2667K, capacity 2845K, committed 2944K, reserved 1048576K
}

Deoptimization events (10 events):
Event: 4.256 Thread 0x0000000003717000 Uncommon trap: reason=class_check action=maybe_recompile pc=0x0000000003d5a468 method=java.lang.reflect.Executable.declaredAnnotations()Ljava/util/Map; @ 8
Event: 4.256 Thread 0x0000000003717000 Uncommon trap: reason=class_check action=maybe_recompile pc=0x0000000003d5a468 method=java.lang.reflect.Executable.declaredAnnotations()Ljava/util/Map; @ 8
Event: 4.283 Thread 0x0000000003717000 Uncommon trap: reason=unstable_if action=reinterpret pc=0x0000000003f48458 method=org.eclipse.jdt.launching.internal.org.objectweb.asm.ClassWriter.toByteArray()[B @ 613
Event: 4.283 Thread 0x0000000003717000 Uncommon trap: reason=unstable_if action=reinterpret pc=0x0000000003f861b8 method=org.eclipse.jdt.launching.internal.org.objectweb.asm.MethodWriter.putMethodInfo(Lorg/eclipse/jdt/launching/internal/org/objectweb/asm/ByteVector;)V @ 9
Event: 4.430 Thread 0x0000000003717000 Uncommon trap: reason=class_check action=maybe_recompile pc=0x0000000003923444 method=java.lang.String.equals(Ljava/lang/Object;)Z @ 8
Event: 4.430 Thread 0x0000000003717000 Uncommon trap: reason=class_check action=maybe_recompile pc=0x0000000003923444 method=java.lang.String.equals(Ljava/lang/Object;)Z @ 8
Event: 4.438 Thread 0x0000000003717000 Uncommon trap: reason=unstable_if action=reinterpret pc=0x0000000003c1bf3c method=java.util.HashMap.hash(Ljava/lang/Object;)I @ 1
Event: 4.438 Thread 0x0000000003717000 Uncommon trap: reason=class_check action=maybe_recompile pc=0x0000000003923444 method=java.lang.String.equals(Ljava/lang/Object;)Z @ 8
Event: 4.439 Thread 0x0000000003717000 Uncommon trap: reason=unstable_if action=reinterpret pc=0x0000000003aae2ec method=java.util.HashMap.hash(Ljava/lang/Object;)I @ 1
Event: 4.439 Thread 0x0000000003717000 Uncommon trap: reason=class_check action=maybe_recompile pc=0x0000000003923444 method=java.lang.String.equals(Ljava/lang/Object;)Z @ 8

Classes redefined (4 events):
Event: 34.486 Thread 0x0000000018148000 redefined class name=com.java.stepDefinition.api.ApiDefinition, count=1
Event: 38.546 Thread 0x0000000018148000 redefined class name=com.java.stepDefinition.api.ApiDefinition, count=2
Event: 45.991 Thread 0x0000000018148000 redefined class name=com.java.stepDefinition.api.ApiDefinition, count=3
Event: 52.806 Thread 0x0000000018148000 redefined class name=com.java.stepDefinition.api.ApiDefinition, count=4

Internal exceptions (10 events):
Event: 4.161 Thread 0x0000000003717000 Exception <a 'java/lang/ArrayIndexOutOfBoundsException': 56> (0x00000000d859fab8) thrown at [C:\re\workspace\8-2-build-windows-amd64-cygwin\jdk8u181\11358\hotspot\src\share\vm\interpreter\interpreterRuntime.cpp, line 366]
Event: 4.221 Thread 0x0000000003717000 Exception <a 'java/lang/ArrayIndexOutOfBoundsException': 71> (0x00000000d88082d8) thrown at [C:\re\workspace\8-2-build-windows-amd64-cygwin\jdk8u181\11358\hotspot\src\share\vm\interpreter\interpreterRuntime.cpp, line 366]
Event: 4.221 Thread 0x0000000003717000 Exception <a 'java/lang/ArrayIndexOutOfBoundsException': 71> (0x00000000d880c590) thrown at [C:\re\workspace\8-2-build-windows-amd64-cygwin\jdk8u181\11358\hotspot\src\share\vm\interpreter\interpreterRuntime.cpp, line 366]
Event: 4.227 Thread 0x0000000003717000 Exception <a 'java/lang/ArrayIndexOutOfBoundsException': 55> (0x00000000d8836ef8) thrown at [C:\re\workspace\8-2-build-windows-amd64-cygwin\jdk8u181\11358\hotspot\src\share\vm\interpreter\interpreterRuntime.cpp, line 366]
Event: 4.227 Thread 0x0000000003717000 Exception <a 'java/lang/ArrayIndexOutOfBoundsException': 38> (0x00000000d88385c0) thrown at [C:\re\workspace\8-2-build-windows-amd64-cygwin\jdk8u181\11358\hotspot\src\share\vm\interpreter\interpreterRuntime.cpp, line 366]
Event: 4.227 Thread 0x0000000003717000 Exception <a 'java/lang/ArrayIndexOutOfBoundsException': 67> (0x00000000d8839b80) thrown at [C:\re\workspace\8-2-build-windows-amd64-cygwin\jdk8u181\11358\hotspot\src\share\vm\interpreter\interpreterRuntime.cpp, line 366]
Event: 4.236 Thread 0x0000000003717000 Exception <a 'java/lang/ArrayIndexOutOfBoundsException': 38> (0x00000000d88676d8) thrown at [C:\re\workspace\8-2-build-windows-amd64-cygwin\jdk8u181\11358\hotspot\src\share\vm\interpreter\interpreterRuntime.cpp, line 366]
Event: 4.242 Thread 0x0000000003717000 Exception <a 'java/lang/ArrayIndexOutOfBoundsException': 49> (0x00000000d8885ab0) thrown at [C:\re\workspace\8-2-build-windows-amd64-cygwin\jdk8u181\11358\hotspot\src\share\vm\interpreter\interpreterRuntime.cpp, line 366]
Event: 4.438 Thread 0x0000000003717000 Implicit null exception at 0x0000000003c1bc94 to 0x0000000003c1bf25
Event: 4.439 Thread 0x0000000003717000 Implicit null exception at 0x0000000003aae26f to 0x0000000003aae2dd

Events (10 events):
Event: 46.042 Executing VM operation: GetOrSetLocal done
Event: 46.042 Executing VM operation: GetOrSetLocal
Event: 46.042 Executing VM operation: GetOrSetLocal done
Event: 52.789 Executing VM operation: RedefineClasses
Event: 52.807 Executing VM operation: RedefineClasses done
Event: 52.896 Executing VM operation: GetOwnedMonitorInfo
Event: 52.896 Executing VM operation: GetOwnedMonitorInfo done
Event: 52.896 Executing VM operation: GetCurrentContendedMonitor
Event: 52.896 Executing VM operation: GetCurrentContendedMonitor done
Event: 52.905 Executing VM operation: GetOrSetLocal


Dynamic libraries:
0x00007ff6aa460000 - 0x00007ff6aa497000 	C:\Program Files\Java\jre1.8.0_181\bin\javaw.exe
0x00007fff848f0000 - 0x00007fff84ae4000 	C:\Windows\SYSTEM32\ntdll.dll
0x00007fff847f0000 - 0x00007fff848ad000 	C:\Windows\System32\KERNEL32.DLL
0x00007fff82060000 - 0x00007fff82327000 	C:\Windows\System32\KERNELBASE.dll
0x00007fff83260000 - 0x00007fff8330a000 	C:\Windows\System32\ADVAPI32.dll
0x00007fff83b80000 - 0x00007fff83c1e000 	C:\Windows\System32\msvcrt.dll
0x00007fff83f40000 - 0x00007fff83fdb000 	C:\Windows\System32\sechost.dll
0x00007fff83a20000 - 0x00007fff83b43000 	C:\Windows\System32\RPCRT4.dll
0x00007fff835a0000 - 0x00007fff83740000 	C:\Windows\System32\USER32.dll
0x00007fff82030000 - 0x00007fff82052000 	C:\Windows\System32\win32u.dll
0x00007fff83b50000 - 0x00007fff83b7a000 	C:\Windows\System32\GDI32.dll
0x00007fff825b0000 - 0x00007fff826ba000 	C:\Windows\System32\gdi32full.dll
0x00007fff82880000 - 0x00007fff8291d000 	C:\Windows\System32\msvcp_win.dll
0x00007fff82380000 - 0x00007fff82480000 	C:\Windows\System32\ucrtbase.dll
0x00007fff72110000 - 0x00007fff723aa000 	C:\Windows\WinSxS\amd64_microsoft.windows.common-controls_6595b64144ccf1df_6.0.19041.1_none_b555e41d4684ddec\COMCTL32.dll
0x00007fff82cb0000 - 0x00007fff82ce0000 	C:\Windows\System32\IMM32.DLL
0x000000005d000000 - 0x000000005d0d2000 	C:\Program Files\Java\jre1.8.0_181\bin\msvcr100.dll
0x000000005e060000 - 0x000000005e902000 	C:\Program Files\Java\jre1.8.0_181\bin\server\jvm.dll
0x00007fff83740000 - 0x00007fff83748000 	C:\Windows\System32\PSAPI.DLL
0x00007fff726f0000 - 0x00007fff72717000 	C:\Windows\SYSTEM32\WINMM.dll
0x00007fff6e190000 - 0x00007fff6e19a000 	C:\Windows\SYSTEM32\VERSION.dll
0x00007fff7c970000 - 0x00007fff7c979000 	C:\Windows\SYSTEM32\WSOCK32.dll
0x00007fff84720000 - 0x00007fff8478b000 	C:\Windows\System32\WS2_32.dll
0x000000005e050000 - 0x000000005e05f000 	C:\Program Files\Java\jre1.8.0_181\bin\verify.dll
0x000000005e020000 - 0x000000005e049000 	C:\Program Files\Java\jre1.8.0_181\bin\java.dll
0x000000005cfc0000 - 0x000000005cff5000 	C:\Program Files\Java\jre1.8.0_181\bin\jdwp.dll
0x000000005cfb0000 - 0x000000005cfb8000 	C:\Program Files\Java\jre1.8.0_181\bin\npt.dll
0x000000005dff0000 - 0x000000005e013000 	C:\Program Files\Java\jre1.8.0_181\bin\instrument.dll
0x000000005dfd0000 - 0x000000005dfe6000 	C:\Program Files\Java\jre1.8.0_181\bin\zip.dll
0x00007fff83fe0000 - 0x00007fff84711000 	C:\Windows\System32\SHELL32.dll
0x00007fff801c0000 - 0x00007fff8094a000 	C:\Windows\SYSTEM32\windows.storage.dll
0x00007fff82950000 - 0x00007fff82ca4000 	C:\Windows\System32\combase.dll
0x00007fff81ab0000 - 0x00007fff81adb000 	C:\Windows\SYSTEM32\Wldp.dll
0x00007fff831b0000 - 0x00007fff8325e000 	C:\Windows\System32\SHCORE.dll
0x00007fff83540000 - 0x00007fff83595000 	C:\Windows\System32\shlwapi.dll
0x00007fff81f70000 - 0x00007fff81f8f000 	C:\Windows\SYSTEM32\profapi.dll
0x000000005cfa0000 - 0x000000005cfa9000 	C:\Program Files\Java\jre1.8.0_181\bin\dt_socket.dll
0x00007fff6f390000 - 0x00007fff6f3a7000 	C:\Windows\system32\napinsp.dll
0x00007fff66230000 - 0x00007fff6624b000 	C:\Windows\system32\pnrpnsp.dll
0x00007fff7cce0000 - 0x00007fff7ccf5000 	C:\Windows\system32\wshbth.dll
0x00007fff7de60000 - 0x00007fff7de7d000 	C:\Windows\system32\NLAapi.dll
0x00007fff814d0000 - 0x00007fff8150b000 	C:\Windows\SYSTEM32\IPHLPAPI.DLL
0x00007fff81830000 - 0x00007fff8189a000 	C:\Windows\System32\mswsock.dll
0x00007fff81520000 - 0x00007fff815ea000 	C:\Windows\SYSTEM32\DNSAPI.dll
0x00007fff83990000 - 0x00007fff83999000 	C:\Windows\System32\NSI.dll
0x00007fff660a0000 - 0x00007fff660b2000 	C:\Windows\System32\winrnr.dll
0x00007fff768f0000 - 0x00007fff7696f000 	C:\Windows\System32\fwpuclnt.dll
0x00007fff82920000 - 0x00007fff82947000 	C:\Windows\System32\bcrypt.dll
0x00007fff76a30000 - 0x00007fff76a3a000 	C:\Windows\System32\rasadhlp.dll
0x000000005dfb0000 - 0x000000005dfca000 	C:\Program Files\Java\jre1.8.0_181\bin\net.dll
0x000000005d0e0000 - 0x000000005d0ed000 	C:\Program Files\Java\jre1.8.0_181\bin\management.dll
0x000000005df90000 - 0x000000005dfa1000 	C:\Program Files\Java\jre1.8.0_181\bin\nio.dll

VM Arguments:
jvm_args: -agentlib:jdwp=transport=dt_socket,suspend=y,address=localhost:65430 -ea -javaagent:C:\eclipse\configuration\org.eclipse.osgi\411\0\.cp\lib\javaagent-shaded.jar -Dfile.encoding=UTF-8 
java_command: org.eclipse.jdt.internal.junit.runner.RemoteTestRunner -version 3 -port 65429 -testLoaderClass org.eclipse.jdt.internal.junit5.runner.JUnit5TestLoader -loaderpluginname org.eclipse.jdt.junit5.runtime -classNames com.java.runner.TestRunner
java_class_path (initial): C:\Eclipse_workspace\selenium\target\test-classes;C:\Eclipse_workspace\selenium\target\classes;C:\eclipse\plugins\org.junit.jupiter.api_5.4.0.v20190212-2109.jar;C:\eclipse\plugins\org.junit.jupiter.engine_5.4.0.v20190212-2109.jar;C:\eclipse\plugins\org.junit.jupiter.migrationsupport_5.4.0.v20190212-2109.jar;C:\eclipse\plugins\org.junit.jupiter.params_5.4.0.v20190212-2109.jar;C:\eclipse\plugins\org.junit.platform.commons_1.4.0.v20190212-2109.jar;C:\eclipse\plugins\org.junit.platform.engine_1.4.0.v20190212-2109.jar;C:\eclipse\plugins\org.junit.platform.launcher_1.4.0.v20190212-2109.jar;C:\eclipse\plugins\org.junit.platform.runner_1.4.0.v20190212-2109.jar;C:\eclipse\plugins\org.junit.platform.suite.api_1.4.0.v20190212-2109.jar;C:\eclipse\plugins\org.junit.vintage.engine_5.4.0.v20190212-2109.jar;C:\eclipse\plugins\org.opentest4j_1.1.1.v20190212-2109.jar;C:\eclipse\plugins\org.apiguardian_1.0.0.v20190212-2109.jar;C:\eclipse\plugins\org.junit_4.12.0.v201504281640\junit.jar;C:\eclipse\plugins\org.hamcrest.core_1.3.0.v20180420-1519.jar;C:\Users\Administrator\.m2\repository\commons-io\commons-io\1.3.2\commons-io-1.3.2.jar;C:\Users\Administrator\.m2\repository\org\seleniumhq\selenium\selenium-java\3.14.0\selenium-java-3.14.0.jar;C:\Users\Administrator\.m2\repository\org\seleniumhq\selenium\selenium-api\3.14.0\selenium-api-3.14.0.jar;C:\Users\Administrator\.m2\repository\org\seleniumhq\selenium\selenium-chrome-driver\3.14.0\selenium-chrome-driver-3.14.0.jar;C:\Users\Administrator\.m2\repository\org\seleniumhq\selenium\selenium-edge-driver\3.14.0\selenium-edge-driver-3.14.0.jar;C:\Users\Administrator\.m2\repository\org\seleniumhq\selenium\selenium-firefox-driver\3.14.0\selenium-firefox-driver-3.14.0.jar;C:\Users\Administrator\.m2\repository\org\seleniumhq\selenium\selenium-ie-driver\3.14.0\selenium-ie-driver-3.14.0.jar;C:\Users\Administrator\.m2\repository\org\seleniumhq\selenium\selenium-opera-driver\3.14.0\selenium-opera-driver-3.14.0.jar;C:\Users
Launcher Type: SUN_STANDARD

Environment Variables:
JAVA_HOME=C:\Program Files\Java\jdk1.8.0_181
CLASSPATH=.;C:\Program Files\Java\jdk1.8.0_181\lib\dt.jar;C:\Program Files\Java\jdk1.8.0_181\lib\tools.jar;
PATH=C:/Program Files/Java/jre1.8.0_181/bin/server;C:/Program Files/Java/jre1.8.0_181/bin;C:/Program Files/Java/jre1.8.0_181/lib/amd64;C:\Program Files (x86)\NetSarang\Xshell 6\;C:\Program Files (x86)\Common Files\Oracle\Java\javapath;C:\Windows\system32;C:\Windows;C:\Windows\System32\Wbem;C:\Windows\System32\WindowsPowerShell\v1.0\;C:\Windows\System32\OpenSSH\;C:\Program Files\Java\jdk1.8.0_181\bin;C:\Program Files\Java\jdk1.8.0_181\jre\bin;D:\apache-maven-3.6.3\bin;C:\Program Files\Git\cmd;C:\Users\Administrator\AppData\Local\Microsoft\WindowsApps;;C:\eclipse;
USERNAME=Administrator
OS=Windows_NT
PROCESSOR_IDENTIFIER=Intel64 Family 6 Model 61 Stepping 4, GenuineIntel



---------------  S Y S T E M  ---------------

OS: Windows 10.0 , 64 bit Build 19041 (10.0.19041.207)

CPU:total 4 (initial active 4) (2 cores per cpu, 2 threads per core) family 6 model 61 stepping 4, cmov, cx8, fxsr, mmx, sse, sse2, sse3, ssse3, sse4.1, sse4.2, popcnt, avx, avx2, aes, clmul, erms, rtm, 3dnowpref, lzcnt, ht, tsc, tscinvbit, bmi1, bmi2, adx

Memory: 4k page, physical 8077544k(1732984k free), swap 10305768k(2427880k free)

vm_info: Java HotSpot(TM) 64-Bit Server VM (25.181-b13) for windows-amd64 JRE (1.8.0_181-b13), built on Jul  7 2018 04:01:33 by "java_re" with MS VC++ 10.0 (VS2010)

time: Sun Feb 07 18:09:00 2021
elapsed time: 52 seconds (0d 0h 0m 52s)

